2020-01-14 10:54:43 TRACE SteamBathManager:548 - Entering itemStateCHanged
2020-01-14 10:54:43 DEBUG I2CComm:195 - Sending command: '8 9 2 8 0 10 0 10 0 10'
2020-01-14 10:54:43 TRACE I2CComm:287 - writing a total of 9 bytes.
2020-01-14 10:54:43 ERROR I2CComm:202 - Exception: null writing msg to ctrl 8
2020-01-14 10:54:43 DEBUG I2CComm:195 - Sending command: '8 21 2 3 160 96 192 64 0 96 1 1 1 64 0 96 0 10 0 10 0 10'
2020-01-14 10:54:43 TRACE I2CComm:287 - writing a total of 21 bytes.
2020-01-14 10:54:43 ERROR I2CComm:202 - Exception: null writing msg to ctrl 8
2020-01-14 10:54:43 DEBUG I2CComm:195 - Sending command: '8 4 2 5 1'
2020-01-14 10:54:43 TRACE I2CComm:287 - writing a total of 4 bytes.
2020-01-14 10:54:43 ERROR I2CComm:202 - Exception: null writing msg to ctrl 8
2020-01-14 10:54:44 TRACE SteamBathManager:548 - Entering itemStateCHanged
2020-01-14 10:54:44 DEBUG I2CComm:195 - Sending command: '8 9 1 8 0 10 0 20 0 15'
2020-01-14 10:54:44 TRACE I2CComm:287 - writing a total of 9 bytes.
2020-01-14 10:54:44 ERROR I2CComm:202 - Exception: null writing msg to ctrl 8
2020-01-14 10:54:44 DEBUG I2CComm:195 - Sending command: '8 21 1 3 255 128 192 16 4 8 1 1 1 64 4 8 0 10 0 20 0 15'
2020-01-14 10:54:44 TRACE I2CComm:287 - writing a total of 21 bytes.
2020-01-14 10:54:44 ERROR I2CComm:202 - Exception: null writing msg to ctrl 8
2020-01-14 10:54:44 DEBUG I2CComm:195 - Sending command: '8 4 1 5 1'
2020-01-14 10:54:44 TRACE I2CComm:287 - writing a total of 4 bytes.
2020-01-14 10:54:44 ERROR I2CComm:202 - Exception: null writing msg to ctrl 8
2020-01-15 08:24:55 DEBUG SerialHandler:82 -  Connecting to: dev/ttyUSB0 (19200,8N1) {FC:NONE}
